-------------------------------------------------------------------------------
Test set: com.example.springdemo.SpringDemoApplicationTests
-------------------------------------------------------------------------------
Tests run: 1, Failures: 0, Errors: 1, Skipped: 0, Time elapsed: 0.47 s <<< FAILURE! - in com.example.springdemo.SpringDemoApplicationTests
contextLoads  Time elapsed: 0.001 s  <<< ERROR!
java.lang.IllegalStateException: Failed to load ApplicationContext
Caused by: java.lang.IllegalArgumentException: Cannot instantiate interface org.springframework.boot.SpringApplicationRunListener : com.example.springdemo.BeanDefinitionRegistry.Registry
Caused by: java.lang.IllegalArgumentException: class com.example.springdemo.BeanDefinitionRegistry.Registry is not assignable to interface org.springframework.boot.SpringApplicationRunListener

